Dispatching 28 cells, max 4 concurrent, per-agent mutex.
Cells:
  agent-9182 #50
  agent-9183 #50
  agent-9184 #50
  agent-9185 #50
  agent-9186 #50
  agent-9187 #50
  agent-9188 #50
  agent-9189 #50
  agent-9180 #52
  agent-9181 #52
  agent-9182 #52
  agent-9183 #52
  agent-9184 #52
  agent-9185 #52
  agent-9186 #52
  agent-9187 #52
  agent-9188 #52
  agent-9189 #52
  agent-9180 #54
  agent-9181 #54
  agent-9182 #54
  agent-9183 #54
  agent-9184 #54
  agent-9185 #54
  agent-9186 #54
  agent-9187 #54
  agent-9188 #54
  agent-9189 #54

[07:37:25] agent-9182 #50 start (clone=/tmp/study-clones/clone-3)
[07:37:25] agent-9183 #50 start (clone=/tmp/study-clones/clone-4)
[07:37:25] agent-9184 #50 start (clone=/tmp/study-clones/clone-5)
[07:37:25] agent-9185 #50 start (clone=/tmp/study-clones/clone-6)
[07:43:39] agent-9182 #50 done (rc=0, log=smoke10-agent-9182-50.log)
[07:43:39] agent-9186 #50 start (clone=/tmp/study-clones/clone-7)
[07:45:24] agent-9185 #50 done (rc=0, log=smoke10-agent-9185-50.log)
[07:45:24] agent-9187 #50 start (clone=/tmp/study-clones/clone-8)
[07:45:29] agent-9184 #50 done (rc=0, log=smoke10-agent-9184-50.log)
[07:45:29] agent-9188 #50 start (clone=/tmp/study-clones/clone-9)
[07:49:22] agent-9183 #50 done (rc=0, log=smoke10-agent-9183-50.log)
[07:49:22] agent-9189 #50 start (clone=/tmp/study-clones/clone-10)
[07:54:33] agent-9186 #50 done (rc=0, log=smoke10-agent-9186-50.log)
[07:54:33] agent-9180 #52 start (clone=/tmp/study-clones/clone-1)
[07:56:58] agent-9188 #50 done (rc=0, log=smoke10-agent-9188-50.log)
[07:56:58] agent-9181 #52 start (clone=/tmp/study-clones/clone-2)
[07:58:04] agent-9189 #50 done (rc=0, log=smoke10-agent-9189-50.log)
[07:58:04] agent-9182 #52 start (clone=/tmp/study-clones/clone-3)
[07:59:09] agent-9187 #50 done (rc=0, log=smoke10-agent-9187-50.log)
[07:59:09] agent-9183 #52 start (clone=/tmp/study-clones/clone-4)
[08:04:59] agent-9180 #52 done (rc=0, log=smoke10-agent-9180-52.log)
[08:04:59] agent-9184 #52 start (clone=/tmp/study-clones/clone-5)
[08:08:47] agent-9183 #52 done (rc=0, log=smoke10-agent-9183-52.log)
[08:08:47] agent-9185 #52 start (clone=/tmp/study-clones/clone-6)
[08:09:31] agent-9181 #52 done (rc=0, log=smoke10-agent-9181-52.log)
[08:09:31] agent-9186 #52 start (clone=/tmp/study-clones/clone-7)
[08:12:34] agent-9182 #52 done (rc=0, log=smoke10-agent-9182-52.log)
[08:12:34] agent-9187 #52 start (clone=/tmp/study-clones/clone-8)
[08:18:53] agent-9184 #52 done (rc=0, log=smoke10-agent-9184-52.log)
[08:18:53] agent-9188 #52 start (clone=/tmp/study-clones/clone-9)
[08:23:36] agent-9185 #52 done (rc=0, log=smoke10-agent-9185-52.log)
[08:23:36] agent-9189 #52 start (clone=/tmp/study-clones/clone-10)
[08:23:56] agent-9186 #52 done (rc=0, log=smoke10-agent-9186-52.log)
[08:23:56] agent-9180 #54 start (clone=/tmp/study-clones/clone-1)
[08:24:43] agent-9187 #52 done (rc=0, log=smoke10-agent-9187-52.log)
[08:24:43] agent-9181 #54 start (clone=/tmp/study-clones/clone-2)
[08:31:03] agent-9188 #52 done (rc=0, log=smoke10-agent-9188-52.log)
[08:31:03] agent-9182 #54 start (clone=/tmp/study-clones/clone-3)
[08:34:05] agent-9180 #54 done (rc=0, log=smoke10-agent-9180-54.log)
[08:34:05] agent-9183 #54 start (clone=/tmp/study-clones/clone-4)
[08:38:44] agent-9181 #54 done (rc=0, log=smoke10-agent-9181-54.log)
[08:38:44] agent-9184 #54 start (clone=/tmp/study-clones/clone-5)
[08:39:00] agent-9189 #52 done (rc=0, log=smoke10-agent-9189-52.log)
[08:39:00] agent-9185 #54 start (clone=/tmp/study-clones/clone-6)
[08:40:55] agent-9182 #54 done (rc=0, log=smoke10-agent-9182-54.log)
[08:40:55] agent-9186 #54 start (clone=/tmp/study-clones/clone-7)
[08:48:47] agent-9184 #54 done (rc=0, log=smoke10-agent-9184-54.log)
[08:48:47] agent-9187 #54 start (clone=/tmp/study-clones/clone-8)
[08:49:41] agent-9183 #54 done (rc=0, log=smoke10-agent-9183-54.log)
[08:49:41] agent-9188 #54 start (clone=/tmp/study-clones/clone-9)
[08:50:16] agent-9185 #54 done (rc=0, log=smoke10-agent-9185-54.log)
[08:50:16] agent-9189 #54 start (clone=/tmp/study-clones/clone-10)
[08:55:41] agent-9186 #54 done (rc=0, log=smoke10-agent-9186-54.log)
[09:01:02] agent-9188 #54 done (rc=0, log=smoke10-agent-9188-54.log)
[09:01:41] agent-9187 #54 done (rc=0, log=smoke10-agent-9187-54.log)
[09:02:45] agent-9189 #54 done (rc=0, log=smoke10-agent-9189-54.log)

All 28 cells done in 5119s (85.3min)
